0 info it worked if it ends with ok
1 verbose cli [ '/Users/yfain11/.nvm/versions/node/v5.2.0/bin/node',
1 verbose cli   '/Users/yfain11/.nvm/versions/node/v5.2.0/bin/npm',
1 verbose cli   'start' ]
2 info using npm@3.3.12
3 info using node@v5.2.0
4 verbose run-script [ 'prestart', 'start', 'poststart' ]
5 info lifecycle first-project@1.0.0~prestart: first-project@1.0.0
6 silly lifecycle first-project@1.0.0~prestart: no script for prestart, continuing
7 info lifecycle first-project@1.0.0~start: first-project@1.0.0
8 verbose lifecycle first-project@1.0.0~start: unsafe-perm in lifecycle true
9 verbose lifecycle first-project@1.0.0~start: PATH: /Users/yfain11/.nvm/versions/node/v5.2.0/lib/node_modules/npm/bin/node-gyp-bin:/Users/yfain11/Documents/core-angular2/code/chapter10/hello-world/node_modules/.bin:/Users/yfain11/.nvm/versions/node/v5.2.0/bin:/Users/yfain11/dart/dart-sdk/bin:/Users/yfain11/dart/DartEditor.app/Contents/MacOS:/Users/yfain11/asciidoctor-epub3/bin:/Users/yfain11/gradle/bin:/usr/local/git/bin:/Users/yfain11/derby/bin:/Users/yfain11/.rbenv/versions/2.2.2:/usr/local/bin:/usr/bin:/bin:/usr/sbin:/sbin:/usr/local/git/bin
10 verbose lifecycle first-project@1.0.0~start: CWD: /Users/yfain11/Documents/core-angular2/code/chapter10/hello-world
11 silly lifecycle first-project@1.0.0~start: Args: [ '-c', 'webpack-dev-server' ]
12 silly lifecycle first-project@1.0.0~start: Returned: code: 1  signal: null
13 info lifecycle first-project@1.0.0~start: Failed to exec start script
14 verbose stack Error: first-project@1.0.0 start: `webpack-dev-server`
14 verbose stack Exit status 1
14 verbose stack     at EventEmitter.<anonymous> (/Users/yfain11/.nvm/versions/node/v5.2.0/lib/node_modules/npm/lib/utils/lifecycle.js:232:16)
14 verbose stack     at emitTwo (events.js:88:13)
14 verbose stack     at EventEmitter.emit (events.js:173:7)
14 verbose stack     at ChildProcess.<anonymous> (/Users/yfain11/.nvm/versions/node/v5.2.0/lib/node_modules/npm/lib/utils/spawn.js:24:14)
14 verbose stack     at emitTwo (events.js:88:13)
14 verbose stack     at ChildProcess.emit (events.js:173:7)
14 verbose stack     at maybeClose (internal/child_process.js:819:16)
14 verbose stack     at Process.ChildProcess._handle.onexit (internal/child_process.js:212:5)
15 verbose pkgid first-project@1.0.0
16 verbose cwd /Users/yfain11/Documents/core-angular2/code/chapter10/hello-world
17 error Darwin 15.3.0
18 error argv "/Users/yfain11/.nvm/versions/node/v5.2.0/bin/node" "/Users/yfain11/.nvm/versions/node/v5.2.0/bin/npm" "start"
19 error node v5.2.0
20 error npm  v3.3.12
21 error code ELIFECYCLE
22 error first-project@1.0.0 start: `webpack-dev-server`
22 error Exit status 1
23 error Failed at the first-project@1.0.0 start script 'webpack-dev-server'.
23 error Make sure you have the latest version of node.js and npm installed.
23 error If you do, this is most likely a problem with the first-project package,
23 error not with npm itself.
23 error Tell the author that this fails on your system:
23 error     webpack-dev-server
23 error You can get their info via:
23 error     npm owner ls first-project
23 error There is likely additional logging output above.
24 verbose exit [ 1, true ]
