0 info it worked if it ends with ok
1 verbose cli [ '/Users/yfain11/.nvm/versions/node/v6.1.0/bin/node',
1 verbose cli   '/Users/yfain11/.nvm/versions/node/v6.1.0/bin/npm',
1 verbose cli   'start' ]
2 info using npm@3.8.6
3 info using node@v6.1.0
4 verbose stack Error: ENOENT: no such file or directory, open '/Users/yfain11/Documents/core-angular2/code/chapter2/auction/package.json'
4 verbose stack     at Error (native)
5 verbose cwd /Users/yfain11/Documents/core-angular2/code/chapter2/auction
6 error Darwin 15.5.0
7 error argv "/Users/yfain11/.nvm/versions/node/v6.1.0/bin/node" "/Users/yfain11/.nvm/versions/node/v6.1.0/bin/npm" "start"
8 error node v6.1.0
9 error npm  v3.8.6
10 error path /Users/yfain11/Documents/core-angular2/code/chapter2/auction/package.json
11 error code ENOENT
12 error errno -2
13 error syscall open
14 error enoent ENOENT: no such file or directory, open '/Users/yfain11/Documents/core-angular2/code/chapter2/auction/package.json'
15 error enoent ENOENT: no such file or directory, open '/Users/yfain11/Documents/core-angular2/code/chapter2/auction/package.json'
15 error enoent This is most likely not a problem with npm itself
15 error enoent and is related to npm not being able to find a file.
16 verbose exit [ -2, true ]
